nohup: ignoring input
/home/zixuwang/miniconda3/envs/deepspeed_1.1/bin/deepspeed:4: DeprecationWarning: pkg_resources is deprecated as an API. See https://setuptools.pypa.io/en/latest/pkg_resources.html
  __import__('pkg_resources').require('deepspeed==0.11.2+fee29365')
/home/zixuwang/miniconda3/envs/deepspeed_1.1/lib/python3.9/site-packages/torchvision/io/image.py:13: UserWarning: Failed to load image Python extension: ''If you don't plan on using image functionality from `torchvision.io`, you can ignore this warning. Otherwise, there might be something wrong with your environment. Did you have `libjpeg` or `libpng` installed before building `torchvision` from source?
  warn(
[2024-01-24 05:01:47,015] [INFO] [real_accelerator.py:158:get_accelerator] Setting ds_accelerator to xpu (auto detect)
[2024-01-24 05:01:50,810] [WARNING] [runner.py:203:fetch_hostfile] Unable to find hostfile, will proceed with training with local resources only.
[2024-01-24 05:01:50,811] [INFO] [runner.py:570:main] cmd = /home/zixuwang/miniconda3/envs/deepspeed_1.1/bin/python -u -m deepspeed.launcher.launch --world_info=eyJsb2NhbGhvc3QiOiBbMF19 --master_addr=127.0.0.1 --master_port=29500 --enable_each_rank_log=None ppl-baseline2wiki.py --model /home/zixuwang/my_project/DSE/HuggingFace/Models/bloom-3b/
/home/zixuwang/miniconda3/envs/deepspeed_1.1/lib/python3.9/site-packages/torchvision/io/image.py:13: UserWarning: Failed to load image Python extension: ''If you don't plan on using image functionality from `torchvision.io`, you can ignore this warning. Otherwise, there might be something wrong with your environment. Did you have `libjpeg` or `libpng` installed before building `torchvision` from source?
  warn(
[2024-01-24 05:01:56,775] [INFO] [real_accelerator.py:158:get_accelerator] Setting ds_accelerator to xpu (auto detect)
[2024-01-24 05:01:59,088] [INFO] [launch.py:145:main] WORLD INFO DICT: {'localhost': [0]}
[2024-01-24 05:01:59,088] [INFO] [launch.py:151:main] nnodes=1, num_local_procs=1, node_rank=0
[2024-01-24 05:01:59,088] [INFO] [launch.py:162:main] global_rank_mapping=defaultdict(<class 'list'>, {'localhost': [0]})
[2024-01-24 05:01:59,088] [INFO] [launch.py:163:main] dist_world_size=1
[2024-01-24 05:01:59,088] [INFO] [launch.py:165:main] Setting CUDA_VISIBLE_DEVICES=0
/home/zixuwang/miniconda3/envs/deepspeed_1.1/lib/python3.9/site-packages/torchvision/io/image.py:13: UserWarning: Failed to load image Python extension: ''If you don't plan on using image functionality from `torchvision.io`, you can ignore this warning. Otherwise, there might be something wrong with your environment. Did you have `libjpeg` or `libpng` installed before building `torchvision` from source?
  warn(
My guessed rank = 0
[2024-01-24 05:02:04,914] [INFO] [real_accelerator.py:158:get_accelerator] Setting ds_accelerator to xpu (auto detect)
2024-01-24 05:02:17,317 - datasets - INFO - PyTorch version 2.1.1 available.
wikitext2:  the role , and he received critical reviews in The Herald , and Evening Standard . He appeared in the television series Judge John Deed in 2002 as " Addem Armitage " in the episode " Political Expediency " , and had a role as a different character " Toby Steele " on The Bill . 


 He had a recurring role in 2003 on two episodes of The Bill , as character " Connor Price " . In 2004 Boulter landed a role as " Craig " in the episode " Teddy 's Story " of the television series The Long Firm ; he starred alongside actors Mark Strong and Derek Jacobi . Boulter starred as " Darren " , in the 2005 theatre productions of the Philip Ridley play Mercury Fur . It was performed at the Drum Theatre in Plymouth , and the Menier Chocolate Factory in London . He was directed by John Tiffany and starred alongside Ben Whishaw , Shane Zaza , Harry Kent , Fraser Ayres , Sophie Stanton and Dominic Hall . Boulter received a favorable review in The Daily Telegraph : " The acting is shatteringly intense , with wired performances from Ben Whishaw ( now unrecognisable from his performance as Trevor Nunn 's Hamlet ) , Robert Boulter , Shane Zaza and Fraser Ayres . " The Guardian noted , " Ben Whishaw and Robert Boulter offer tenderness amid the savagery . " 




 = = = 2006 – present = = = 




 In 2006 Boulter starred in the play Citizenship written by Mark Ravenhill . The play was part of a series which featured different playwrights , titled Burn / Chatroom / Citizenship . In a 2006 interview , fellow actor Ben Whishaw identified Boulter as one of his favorite co @-@ stars : " I loved working with a guy called Robert Boulter , who was in the triple bill of Burn , Chatroom and Citizenship at the National . He played my brother in Mercury Fur . " He portrayed " Jason Tyler " on the 2006 episode of the television series , Doctors , titled " Something I Ate " . Boulter starred as " William " in the 2007 production of How to Curse directed by Josie Rourke . How to Curse was performed at Bush Theatre in the London Borough of Hammersmith and Fulham . In a review of the production for The Daily Telegraph , theatre critic Charles Spencer noted , " Robert Boulter brings a touching vulnerability to the stage as William . " 
------------------------------------------------------------
baseline output:  the role . and said was a ac for the Guardian Sun The The Standard . Bo had in the television series Judge John Deed in 2002 , " Craigie "den " . the episode " The Prisoniency " . and in a guest in " " character in Johny "ele " in the Long in In In star a guesting role in the on the episodes of the Bill , as " " Scott " " . He 2004 ,ulter star a role in " Michael " in the television " The Bear Day " of the television series The Billest , he alsored in Ben such Strong , David Jacobi . Inulter hadred in " Craigarren " in a the episode television production of The play Kley play The Risingious He was directed at the Royalmond in Londoneckmouth , and the productionier Chocolate Factory in London . Bo had cast by Philip H in playedred alongside actors Whishaw , Sophie Meier , and Styles , and Mcres , and Richardsonirling , John West . Boulter appeared critical nomination review in The Guardian Telegraph , " Bo play is goodrewingly good and and Bo performances from all Whishaw and as arecognognisable as his role in the inn in sonlet ) Fraser Carlyulter , and Zaza and Fraser Ayres . " Bo Times also that " The Whishaw is Robert Boulter are aerness and the violenceagery of " TheIn = = 2006 2006 – 2007 = = = 




 In 2006 Boulter starred in the television The of , by Simon Gathill , The play was performed of the series of included the playswrights , and Theing Burnillom . Thehip . Bo 2007 review interview with Bo actor Ben Whishaw said Boulter as one of his favourite actors-st-@ actors . " I think Robert with Robert guy like Robert Boulter . he was a the play bill . Burn / Chatroom and Citizenship . the Drum Theatre " was a character in Burn Fur , " Bo startrayed " Simon " " in the television television of The television series The Theoctors , as " The to Neverte " . Boulter starred in " Mark " in the 2007 film of the to Makese a by Johnie Rourke at The to Curse was performed at the Theatre in London West Borough of Barnersmith and Fulham . Bo 2008 2008 of the production in The Guardian Telegraph , the critic John Mc wrote , " Bo Boulter is a warm and to the role . William , " Bo
------------------------------------------------------------
The perplexity of baseline on wikitext2 is: 12.784106254577637
The similarity ratio is: 8.25836216839677%
[2024-01-24 05:04:28,280] [INFO] [launch.py:347:main] Process 48445 exits successfully.
